#
# There is insufficient memory for the Java Runtime Environment to continue.
# Native memory allocation (malloc) failed to allocate 1048576 bytes for AllocateHeap
# Possible reasons:
#   The system is out of physical RAM or swap space
#   In 32 bit mode, the process size limit was hit
# Possible solutions:
#   Reduce memory load on the system
#   Increase physical memory or swap space
#   Check if swap backing store is full
#   Use 64 bit Java on a 64 bit OS
#   Decrease Java heap size (-Xmx/-Xms)
#   Decrease number of Java threads
#   Decrease Java thread stack sizes (-Xss)
#   Set larger code cache with -XX:ReservedCodeCacheSize=
# This output file may be truncated or incomplete.
#
#  Out of Memory Error (memory/allocation.inline.hpp:61), pid=45652, tid=45780
#
# JRE version:  (8.0_40-b25) (build )
# Java VM: Java HotSpot(TM) 64-Bit Server VM (25.40-b25 mixed mode windows-amd64 compressed oops)
# Failed to write core dump. Minidumps are not enabled by default on client versions of Windows
#

---------------  T H R E A D  ---------------

Current thread (0x0000000002802800):  JavaThread "Unknown thread" [_thread_in_vm, id=45780, stack(0x0000000002700000,0x0000000002800000)]

Stack: [0x0000000002700000,0x0000000002800000]
[error occurred during error reporting (printing stack bounds), id 0xc0000005]

Native frames: (J=compiled Java code, j=interpreted, Vv=VM code, C=native code)
V  [jvm.dll+0x32b47a]
V  [jvm.dll+0x2797f3]
V  [jvm.dll+0x27a489]
V  [jvm.dll+0x29a974]
C  [KERNELBASE.dll+0x702ce]
C  [ntdll.dll+0x98992]
C  [ntdll.dll+0x83f66]
C  [ntdll.dll+0x9633d]
C  [ntdll.dll+0x13c00]
C  [ntdll.dll+0x9544a]
V  [jvm.dll+0x21bc71]


---------------  P R O C E S S  ---------------

Java Threads: ( => current thread )

Other Threads:

=>0x0000000002802800 (exited) JavaThread "Unknown thread" [_thread_in_vm, id=45780, stack(0x0000000002700000,0x0000000002800000)]

VM state:not at safepoint (normal execution)

VM Mutex/Monitor currently owned by a thread: None

Heap:
 PSYoungGen      total 76288K, used 1310K [0x00000000eab00000, 0x00000000f0000000, 0x0000000100000000)
  eden space 65536K, 2% used [0x00000000eab00000,0x00000000eac47af0,0x00000000eeb00000)
  from space 10752K, 0% used [0x00000000ef580000,0x00000000ef580000,0x00000000f0000000)
  to   space 10752K, 0% used [0x00000000eeb00000,0x00000000eeb00000,0x00000000ef580000)
 ParOldGen       total 175104K, used 0K [0x00000000c0000000, 0x00000000cab00000, 0x00000000eab00000)
  object space 175104K, 0% used [0x00000000c0000000,0x00000000c0000000,0x00000000cab00000)
 Metaspace       used 766K, capacity 4480K, committed 4480K, reserved 1056768K
  class space    used 75K, capacity 384K, committed 384K, reserved 1048576K

Card table byte_map: [0x0000000011cc0000,0x0000000011ed0000] byte_map_base: 0x00000000116c0000

Marking Bits: (ParMarkBitMap*) 0x000000006d944040
 Begin Bits: [0x0000000012830000, 0x0000000013830000)
 End Bits:   [0x0000000013830000, 0x0000000014830000)

Polling page: 0x0000000000f30000

CodeCache: size=245760Kb used=328Kb max_used=328Kb free=245431Kb
 bounds [0x0000000002900000, 0x0000000002b70000, 0x0000000011900000]
 total_blobs=57 nmethods=0 adapters=37
 compilation: enabled

Compilation events (0 events):
No events

GC Heap History (0 events):
No events

Deoptimization events (0 events):
No events

Internal exceptions (0 events):
No events

Events (10 events):
Event: 0.024 loading class java/lang/Short
Event: 0.024 loading class java/lang/Short done
Event: 0.024 loading class java/lang/Integer
Event: 0.024 loading class java/lang/Integer done
Event: 0.024 loading class java/lang/Long
Event: 0.024 loading class java/lang/Long done
Event: 0.025 loading class java/lang/NullPointerException
Event: 0.025 loading class java/lang/NullPointerException done
Event: 0.025 loading class java/lang/ArithmeticException
Event: 0.025 loading class java/lang/ArithmeticException done


Dynamic libraries:
0x00007ff7aaed0000 - 0x00007ff7aaf07000 	C:\Program Files\Java\jdk1.8.0_40\bin\java.exe
0x00007ff9972e0000 - 0x00007ff9974a1000 	C:\WINDOWS\SYSTEM32\ntdll.dll
0x00007ff996ee0000 - 0x00007ff996f8d000 	C:\WINDOWS\system32\KERNEL32.DLL
0x00007ff9947d0000 - 0x00007ff9949ad000 	C:\WINDOWS\system32\KERNELBASE.dll
0x00007ff992460000 - 0x00007ff9924d8000 	C:\WINDOWS\system32\apphelp.dll
0x00007ff994f60000 - 0x00007ff995006000 	C:\WINDOWS\system32\ADVAPI32.dll
0x00007ff996a40000 - 0x00007ff996add000 	C:\WINDOWS\system32\msvcrt.dll
0x00007ff994d90000 - 0x00007ff994deb000 	C:\WINDOWS\system32\sechost.dll
0x00007ff9953e0000 - 0x00007ff995506000 	C:\WINDOWS\system32\RPCRT4.dll
0x00007ff995290000 - 0x00007ff9953de000 	C:\WINDOWS\system32\USER32.dll
0x00007ff996d10000 - 0x00007ff996e96000 	C:\WINDOWS\system32\GDI32.dll
0x00007ff989710000 - 0x00007ff989984000 	C:\WINDOWS\WinSxS\amd64_microsoft.windows.common-controls_6595b64144ccf1df_6.0.10240.16384_none_f41f7b285750ef43\COMCTL32.dll
0x00007ff994e00000 - 0x00007ff994e36000 	C:\WINDOWS\system32\IMM32.DLL
0x00007ff994c30000 - 0x00007ff994d8c000 	C:\WINDOWS\system32\MSCTF.dll
0x000000006cc80000 - 0x000000006cd52000 	C:\Program Files\Java\jdk1.8.0_40\jre\bin\msvcr100.dll
0x000000006d140000 - 0x000000006d9c3000 	C:\Program Files\Java\jdk1.8.0_40\jre\bin\server\jvm.dll
0x00007ff996ec0000 - 0x00007ff996ec8000 	C:\WINDOWS\system32\PSAPI.DLL
0x00007ff98e0b0000 - 0x00007ff98e0b9000 	C:\WINDOWS\SYSTEM32\WSOCK32.dll
0x00007ff997270000 - 0x00007ff9972d9000 	C:\WINDOWS\system32\WS2_32.dll
0x00007ff996ed0000 - 0x00007ff996ed8000 	C:\WINDOWS\system32\NSI.dll
0x00007ff992280000 - 0x00007ff9922a3000 	C:\WINDOWS\SYSTEM32\WINMM.dll
0x00007ff98f930000 - 0x00007ff98f93a000 	C:\WINDOWS\SYSTEM32\VERSION.dll
0x00007ff992040000 - 0x00007ff99206c000 	C:\WINDOWS\SYSTEM32\WINMMBASE.dll
0x00007ff993fe0000 - 0x00007ff994024000 	C:\WINDOWS\system32\cfgmgr32.dll
0x00007ff992680000 - 0x00007ff9926a7000 	C:\WINDOWS\SYSTEM32\DEVOBJ.dll
0x000000006d130000 - 0x000000006d13f000 	C:\Program Files\Java\jdk1.8.0_40\jre\bin\verify.dll
0x000000006d100000 - 0x000000006d129000 	C:\Program Files\Java\jdk1.8.0_40\jre\bin\java.dll
0x000000006d0e0000 - 0x000000006d0f6000 	C:\Program Files\Java\jdk1.8.0_40\jre\bin\zip.dll
0x00007ff98e0c0000 - 0x00007ff98e24a000 	C:\WINDOWS\SYSTEM32\dbghelp.dll

VM Arguments:
jvm_args: -Xmx1024M -Dfile.encoding=windows-1252 -Duser.country=FR -Duser.language=fr -Duser.variant 
java_command: com.android.dx.command.Main --dex --num-threads=4 --output C:\Users\Gregoire\AndroidStudioProjects\TutoYoyo\app\build\intermediates\dex\debug C:\Users\Gregoire\AndroidStudioProjects\TutoYoyo\app\build\intermediates\classes\debug C:\Users\Gregoire\AndroidStudioProjects\TutoYoyo\app\build\intermediates\pre-dexed\debug\support-annotations-23.0.1-b4447a6fc568a5ff9c13a0157121fd456388e599.jar C:\Users\Gregoire\AndroidStudioProjects\TutoYoyo\app\build\intermediates\pre-dexed\debug\picasso-2.5.2-adb238293d23ea7beb58eacf7034cdf94658d6f2.jar C:\Users\Gregoire\AndroidStudioProjects\TutoYoyo\app\build\intermediates\pre-dexed\debug\classes-844fa019e9362c28e5073f46ab568de3c335ac45.jar C:\Users\Gregoire\AndroidStudioProjects\TutoYoyo\app\build\intermediates\pre-dexed\debug\internal_impl-23.0.1-82480f5cae295df429bb60c8fd0939d16e8b0703.jar C:\Users\Gregoire\AndroidStudioProjects\TutoYoyo\app\build\intermediates\pre-dexed\debug\classes-4e6b2297417e323c2e14def4070b7ec4dc16b786.jar C:\Users\Gregoire\AndroidStudioProjects\TutoYoyo\app\build\intermediates\pre-dexed\debug\classes-24a163645ab97397334b888e1cea3b767349af73.jar
java_class_path (initial): C:\Users\Gregoire\AppData\Local\Android\sdk3\build-tools\23.0.0\lib\dx.jar
Launcher Type: SUN_STANDARD

Environment Variables:
JAVA_HOME=C:\Program Files (x86)\Java\jdk1.7.0_40
PATH=C:\ProgramData\Oracle\Java\javapath;C:\Python34\;C:\Python34\Scripts;C:\WINDOWS\system32;C:\WINDOWS;C:\WINDOWS\System32\Wbem;C:\WINDOWS\System32\WindowsPowerShell\v1.0\;C:\Program Files (x86)\Windows Kits\8.1\Windows Performance Toolkit\;C:\Program Files\Microsoft SQL Server\110\Tools\Binn\;C:\Program Files (x86)\Microsoft SDKs\TypeScript\1.0\;C:\Program Files\Microsoft SQL Server\120\Tools\Binn\;C:\Program Files\Microsoft\Web Platform Installer\;C:\Program Files (x86)\Microsoft SDKs\Azure\CLI\wbin;C:\Program Files\Google\Google Apps Sync\;C:\Program Files\Google\Google Apps Migration\;C:\Program Files (x86)\MySQL\MySQL Fabric 1.5.3 & MySQL Utilities 1.5.3 1.5\;C:\Program Files (x86)\MySQL\MySQL Fabric 1.5.3 & MySQL Utilities 1.5.3 1.5\Doctrine extensions for PHP\;C:\Program Files (x86)\nodejs\;C:\Program Files (x86)\ATI Technologies\ATI.ACE\Core-Static;C:\Program Files (x86)\MySQL\MySQL Fabric 1.5.3 & MySQL Utilities 1.5.3 1.5\;C:\Program Files (x86)\MySQL\MySQL Fabric 1.5.3 & MySQL Utilities 1.5.3 1.5\Doctrine extensions for PHP\;C:\Program Files (x86)\Skype\Phone\;C:\Program Files (x86)\Java\jdk1.7.0_40\bin;C:\Users\Gregoire\AppData\Roaming\npm;C:\Users\Gregoire\AppData\Local\Android\sdk\tools;C:\Users\Gregoire\AppData\Local\Android\sdk\platform-tools;C:\apache-ant-1.9.4\bin;C:\Users\Gregoire\AppData\Local\Code\bin
USERNAME=Gregoire
OS=Windows_NT
PROCESSOR_IDENTIFIER=Intel64 Family 6 Model 58 Stepping 9, GenuineIntel



---------------  S Y S T E M  ---------------

OS: Windows 10.0 , 64 bit Build 10240 (10.0.10240.16384)

CPU:total 8 (4 cores per cpu, 2 threads per core) family 6 model 58 stepping 9, cmov, cx8, fxsr, mmx, sse, sse2, sse3, ssse3, sse4.1, sse4.2, popcnt, avx, aes, clmul, erms, ht, tsc, tscinvbit, tscinv

Memory: 4k page, physical 16666904k(2710572k free), swap 17715480k(5688k free)

vm_info: Java HotSpot(TM) 64-Bit Server VM (25.40-b25) for windows-amd64 JRE (1.8.0_40-b25), built on Feb 10 2015 21:53:57 by "java_re" with MS VC++ 10.0 (VS2010)

time: Wed Oct 07 16:41:10 2015
elapsed time: 0 seconds (0d 0h 0m 0s)

