#
# There is insufficient memory for the Java Runtime Environment to continue.
# Native memory allocation (malloc) failed to allocate 1712832 bytes for Chunk::new
# Possible reasons:
#   The system is out of physical RAM or swap space
#   In 32 bit mode, the process size limit was hit
# Possible solutions:
#   Reduce memory load on the system
#   Increase physical memory or swap space
#   Check if swap backing store is full
#   Use 64 bit Java on a 64 bit OS
#   Decrease Java heap size (-Xmx/-Xms)
#   Decrease number of Java threads
#   Decrease Java thread stack sizes (-Xss)
#   Set larger code cache with -XX:ReservedCodeCacheSize=
# This output file may be truncated or incomplete.
#
#  Out of Memory Error (allocation.cpp:390), pid=39740, tid=23668
#
# JRE version: Java(TM) SE Runtime Environment (8.0_40-b25) (build 1.8.0_40-b25)
# Java VM: Java HotSpot(TM) 64-Bit Server VM (25.40-b25 mixed mode windows-amd64 compressed oops)
# Failed to write core dump. Minidumps are not enabled by default on client versions of Windows
#

---------------  T H R E A D  ---------------

Current thread (0x0000000017209000):  JavaThread "C2 CompilerThread0" daemon [_thread_in_native, id=23668, stack(0x00000000177e0000,0x00000000178e0000)]

Stack: [0x00000000177e0000,0x00000000178e0000]
[error occurred during error reporting (printing stack bounds), id 0xc0000005]

Native frames: (J=compiled Java code, j=interpreted, Vv=VM code, C=native code)
V  [jvm.dll+0x32b47a]
V  [jvm.dll+0x2797f3]
V  [jvm.dll+0x27a489]
V  [jvm.dll+0x293406]
V  [jvm.dll+0x297d5c]
V  [jvm.dll+0x5ca83f]
C  [msvcr100.dll+0x712e3]
V  [jvm.dll+0x5c9f3d]
C  [ntdll.dll+0x9633d]
C  [ntdll.dll+0x13c00]
C  [ntdll.dll+0x9544a]
V  [jvm.dll+0x21bc71]


Current CompileTask:
C2:   3216 1415   !   4       com.android.dx.cf.cst.ConstantPoolParser::parse0 (731 bytes)


---------------  P R O C E S S  ---------------

Java Threads: ( => current thread )
  0x00000000174d5000 JavaThread "pool-1-thread-4" [_thread_blocked, id=40112, stack(0x00000000181e0000,0x00000000182e0000)]
  0x00000000174d4800 JavaThread "pool-1-thread-3" [_thread_blocked, id=24592, stack(0x00000000180e0000,0x00000000181e0000)]
  0x00000000174d1000 JavaThread "pool-1-thread-2" [_thread_blocked, id=24616, stack(0x0000000017fe0000,0x00000000180e0000)]
  0x00000000174cc000 JavaThread "pool-2-thread-1" [_thread_blocked, id=40760, stack(0x0000000017ee0000,0x0000000017fe0000)]
  0x00000000174c3800 JavaThread "pool-1-thread-1" [_thread_blocked, id=41744, stack(0x0000000017de0000,0x0000000017ee0000)]
  0x000000001727b800 JavaThread "Service Thread" daemon [_thread_blocked, id=22084, stack(0x0000000017be0000,0x0000000017ce0000)]
  0x000000001721d800 JavaThread "C1 CompilerThread3" daemon [_thread_blocked, id=23548, stack(0x0000000017ae0000,0x0000000017be0000)]
  0x0000000017212800 JavaThread "C2 CompilerThread2" daemon [_thread_blocked, id=22700, stack(0x00000000179e0000,0x0000000017ae0000)]
  0x000000001720d800 JavaThread "C2 CompilerThread1" daemon [_thread_blocked, id=40732, stack(0x00000000178e0000,0x00000000179e0000)]
=>0x0000000017209000 JavaThread "C2 CompilerThread0" daemon [_thread_in_native, id=23668, stack(0x00000000177e0000,0x00000000178e0000)]
  0x0000000017206800 JavaThread "Attach Listener" daemon [_thread_blocked, id=18616, stack(0x00000000176e0000,0x00000000177e0000)]
  0x0000000017203800 JavaThread "Signal Dispatcher" daemon [_thread_blocked, id=21744, stack(0x00000000175e0000,0x00000000176e0000)]
  0x00000000026fa000 JavaThread "Finalizer" daemon [_thread_blocked, id=24608, stack(0x00000000170e0000,0x00000000171e0000)]
  0x00000000026f3000 JavaThread "Reference Handler" daemon [_thread_blocked, id=32808, stack(0x0000000016fe0000,0x00000000170e0000)]
  0x00000000024fe000 JavaThread "main" [_thread_blocked, id=42860, stack(0x0000000002500000,0x0000000002600000)]

Other Threads:
  0x0000000015219800 VMThread [stack: 0x0000000016ee0000,0x0000000016fe0000] [id=23836]
  0x000000001727c000 WatcherThread [stack: 0x0000000017ce0000,0x0000000017de0000] [id=39680]

VM state:at safepoint (normal execution)

VM Mutex/Monitor currently owned by a thread:  ([mutex/lock_event])
[0x00000000024fca40] Threads_lock - owner thread: 0x0000000015219800
[0x00000000024fd1c0] Heap_lock - owner thread: 0x00000000174d5000

Heap:
 PSYoungGen      total 76288K, used 65536K [0x00000000eab00000, 0x00000000f0000000, 0x0000000100000000)
  eden space 65536K, 100% used [0x00000000eab00000,0x00000000eeb00000,0x00000000eeb00000)
  from space 10752K, 0% used [0x00000000ef580000,0x00000000ef580000,0x00000000f0000000)
  to   space 10752K, 87% used [0x00000000eeb00000,0x00000000ef42ece0,0x00000000ef580000)
 ParOldGen       total 175104K, used 8K [0x00000000c0000000, 0x00000000cab00000, 0x00000000eab00000)
  object space 175104K, 0% used [0x00000000c0000000,0x00000000c0002000,0x00000000cab00000)
 Metaspace       used 6023K, capacity 7088K, committed 7296K, reserved 1056768K
  class space    used 584K, capacity 616K, committed 640K, reserved 1048576K

Card table byte_map: [0x0000000011ac0000,0x0000000011cd0000] byte_map_base: 0x00000000114c0000

Marking Bits: (ParMarkBitMap*) 0x000000006d944040
 Begin Bits: [0x0000000012630000, 0x0000000013630000)
 End Bits:   [0x0000000013630000, 0x0000000014630000)

Polling page: 0x00000000023c0000

CodeCache: size=245760Kb used=6428Kb max_used=6428Kb free=239331Kb
 bounds [0x0000000002700000, 0x0000000002d50000, 0x0000000011700000]
 total_blobs=1801 nmethods=1532 adapters=182
 compilation: enabled

Compilation events (10 events):
Event: 2.775 Thread 0x000000001721d800 nmethod 1544 0x0000000002d43810 code [0x0000000002d43980, 0x0000000002d43c48]
Event: 2.775 Thread 0x000000001721d800 1545       3       com.android.dx.ssa.NormalSsaInsn::isMoveException (20 bytes)
Event: 2.775 Thread 0x000000001721d800 nmethod 1545 0x0000000002d43e10 code [0x0000000002d43f80, 0x0000000002d44270]
Event: 2.799 Thread 0x000000001721d800 1546       3       com.android.dx.ssa.back.FirstFitLocalCombiningAllocator::handleCheckCastResults (413 bytes)
Event: 2.804 Thread 0x000000001721d800 nmethod 1546 0x0000000002d44350 code [0x0000000002d44900, 0x0000000002d486f8]
Event: 2.821 Thread 0x000000001721d800 1548       3       com.android.dx.dex.file.CodeItem::<init> (81 bytes)
Event: 2.821 Thread 0x000000001721d800 nmethod 1548 0x0000000002d4b350 code [0x0000000002d4b500, 0x0000000002d4b9f8]
Event: 2.827 Thread 0x000000001721d800 1550       1       java.util.HashMap$Node::getKey (5 bytes)
Event: 2.827 Thread 0x000000001721d800 nmethod 1550 0x0000000002d2ce10 code [0x0000000002d2cf60, 0x0000000002d2d070]
Event: 2.834 Thread 0x000000001721d800 1551       3       com.android.dx.dex.cf.CfTranslator::translate0 (259 bytes)

GC Heap History (1 events):
Event: 3.155 GC heap before
{Heap before GC invocations=1 (full 0):
 PSYoungGen      total 76288K, used 65536K [0x00000000eab00000, 0x00000000f0000000, 0x0000000100000000)
  eden space 65536K, 100% used [0x00000000eab00000,0x00000000eeb00000,0x00000000eeb00000)
  from space 10752K, 0% used [0x00000000ef580000,0x00000000ef580000,0x00000000f0000000)
  to   space 10752K, 0% used [0x00000000eeb00000,0x00000000eeb00000,0x00000000ef580000)
 ParOldGen       total 175104K, used 0K [0x00000000c0000000, 0x00000000cab00000, 0x00000000eab00000)
  object space 175104K, 0% used [0x00000000c0000000,0x00000000c0000000,0x00000000cab00000)
 Metaspace       used 6023K, capacity 7088K, committed 7296K, reserved 1056768K
  class space    used 584K, capacity 616K, committed 640K, reserved 1048576K

Deoptimization events (10 events):
Event: 1.880 Thread 0x00000000024fe000 Uncommon trap: reason=null_check action=make_not_entrant pc=0x0000000002a9bf60 method=com.android.dx.rop.type.Type.equals(Ljava/lang/Object;)Z @ 8
Event: 2.381 Thread 0x00000000174c3800 Uncommon trap: reason=unstable_if action=reinterpret pc=0x0000000002c5c008 method=com.android.dx.rop.code.RegisterSpec.equals(ILcom/android/dx/rop/type/TypeBearer;Lcom/android/dx/rop/code/LocalItem;)Z @ 42
Event: 2.381 Thread 0x00000000174c3800 Uncommon trap: reason=unstable_if action=reinterpret pc=0x0000000002a8d554 method=com.android.dx.rop.code.RegisterSpec.equals(ILcom/android/dx/rop/type/TypeBearer;Lcom/android/dx/rop/code/LocalItem;)Z @ 42
Event: 2.382 Thread 0x00000000174c3800 Uncommon trap: reason=bimorphic action=maybe_recompile pc=0x0000000002b53c24 method=java.util.HashMap.putVal(ILjava/lang/Object;Ljava/lang/Object;ZZ)Ljava/lang/Object; @ 203
Event: 2.420 Thread 0x00000000174d4800 Uncommon trap: reason=unstable_if action=reinterpret pc=0x0000000002a952ac method=com.android.dx.rop.code.RegisterSpec.equals(ILcom/android/dx/rop/type/TypeBearer;Lcom/android/dx/rop/code/LocalItem;)Z @ 42
Event: 2.700 Thread 0x00000000174d4800 Uncommon trap: reason=bimorphic action=maybe_recompile pc=0x0000000002b53c24 method=java.util.HashMap.putVal(ILjava/lang/Object;Ljava/lang/Object;ZZ)Ljava/lang/Object; @ 203
Event: 2.748 Thread 0x00000000024fe000 Uncommon trap: reason=bimorphic action=maybe_recompile pc=0x0000000002d0e598 method=com.android.dx.cf.code.BytecodeArray.parseInstruction(ILcom/android/dx/cf/code/BytecodeArray$Visitor;)I @ 1549
Event: 2.749 Thread 0x00000000024fe000 Uncommon trap: reason=bimorphic action=maybe_recompile pc=0x0000000002d0e598 method=com.android.dx.cf.code.BytecodeArray.parseInstruction(ILcom/android/dx/cf/code/BytecodeArray$Visitor;)I @ 1549
Event: 2.749 Thread 0x00000000024fe000 Uncommon trap: reason=bimorphic action=maybe_recompile pc=0x0000000002d0e598 method=com.android.dx.cf.code.BytecodeArray.parseInstruction(ILcom/android/dx/cf/code/BytecodeArray$Visitor;)I @ 1549
Event: 2.749 Thread 0x00000000024fe000 Uncommon trap: reason=bimorphic action=maybe_recompile pc=0x0000000002d0e598 method=com.android.dx.cf.code.BytecodeArray.parseInstruction(ILcom/android/dx/cf/code/BytecodeArray$Visitor;)I @ 1549

Internal exceptions (3 events):
Event: 0.056 Thread 0x00000000024fe000 Exception <a 'java/lang/NoSuchMethodError': Method sun.misc.Unsafe.defineClass(Ljava/lang/String;[BII)Ljava/lang/Class; name or signature does not match> (0x00000000eab0d580) thrown at [D:\re\workspace\8-2-build-windows-amd64-cygwin\jdk8u40\2855\hotspot\srÃ<ËKà¬?
Event: 0.056 Thread 0x00000000024fe000 Exception <a 'java/lang/NoSuchMethodError': Method sun.misc.Unsafe.prefetchRead(Ljava/lang/Object;J)V name or signature does not match> (0x00000000eab0d810) thrown at [D:\re\workspace\8-2-build-windows-amd64-cygwin\jdk8u40\2855\hotspot\src\share\vm\prims\jÝ|\àiþ?
Event: 1.880 Thread 0x00000000024fe000 Implicit null exception at 0x0000000002a9be62 to 0x0000000002a9bf52

Events (10 events):
Event: 2.749 Thread 0x00000000024fe000 Uncommon trap: trap_request=0xffffffc6 fr.pc=0x0000000002d0e598
Event: 2.749 Thread 0x00000000024fe000 DEOPT PACKING pc=0x0000000002d0e598 sp=0x00000000025fe2b0
Event: 2.749 Thread 0x00000000024fe000 DEOPT UNPACKING pc=0x000000000274582a sp=0x00000000025fe250 mode 2
Event: 2.749 Thread 0x00000000024fe000 Uncommon trap: trap_request=0xffffffc6 fr.pc=0x0000000002d0e598
Event: 2.749 Thread 0x00000000024fe000 DEOPT PACKING pc=0x0000000002d0e598 sp=0x00000000025fe070
Event: 2.749 Thread 0x00000000024fe000 DEOPT UNPACKING pc=0x000000000274582a sp=0x00000000025fe010 mode 2
Event: 2.749 Thread 0x00000000024fe000 Uncommon trap: trap_request=0xffffffc6 fr.pc=0x0000000002d0e598
Event: 2.749 Thread 0x00000000024fe000 DEOPT PACKING pc=0x0000000002d0e598 sp=0x00000000025fe070
Event: 2.749 Thread 0x00000000024fe000 DEOPT UNPACKING pc=0x000000000274582a sp=0x00000000025fe010 mode 2
Event: 2.836 Executing VM operation: ParallelGCFailedAllocation


Dynamic libraries:
0x00007ff7aaed0000 - 0x00007ff7aaf07000 	C:\Program Files\Java\jdk1.8.0_40\bin\java.exe
0x00007ff9972e0000 - 0x00007ff9974a1000 	C:\WINDOWS\SYSTEM32\ntdll.dll
0x00007ff996ee0000 - 0x00007ff996f8d000 	C:\WINDOWS\system32\KERNEL32.DLL
0x00007ff9947d0000 - 0x00007ff9949ad000 	C:\WINDOWS\system32\KERNELBASE.dll
0x00007ff992460000 - 0x00007ff9924d8000 	C:\WINDOWS\system32\apphelp.dll
0x00007ff994f60000 - 0x00007ff995006000 	C:\WINDOWS\system32\ADVAPI32.dll
0x00007ff996a40000 - 0x00007ff996add000 	C:\WINDOWS\system32\msvcrt.dll
0x00007ff994d90000 - 0x00007ff994deb000 	C:\WINDOWS\system32\sechost.dll
0x00007ff9953e0000 - 0x00007ff995506000 	C:\WINDOWS\system32\RPCRT4.dll
0x00007ff995290000 - 0x00007ff9953de000 	C:\WINDOWS\system32\USER32.dll
0x00007ff996d10000 - 0x00007ff996e96000 	C:\WINDOWS\system32\GDI32.dll
0x00007ff989710000 - 0x00007ff989984000 	C:\WINDOWS\WinSxS\amd64_microsoft.windows.common-controls_6595b64144ccf1df_6.0.10240.16384_none_f41f7b285750ef43\COMCTL32.dll
0x00007ff994e00000 - 0x00007ff994e36000 	C:\WINDOWS\system32\IMM32.DLL
0x00007ff994c30000 - 0x00007ff994d8c000 	C:\WINDOWS\system32\MSCTF.dll
0x000000006cc80000 - 0x000000006cd52000 	C:\Program Files\Java\jdk1.8.0_40\jre\bin\msvcr100.dll
0x000000006d140000 - 0x000000006d9c3000 	C:\Program Files\Java\jdk1.8.0_40\jre\bin\server\jvm.dll
0x00007ff996ec0000 - 0x00007ff996ec8000 	C:\WINDOWS\system32\PSAPI.DLL
0x00007ff98e0b0000 - 0x00007ff98e0b9000 	C:\WINDOWS\SYSTEM32\WSOCK32.dll
0x00007ff997270000 - 0x00007ff9972d9000 	C:\WINDOWS\system32\WS2_32.dll
0x00007ff996ed0000 - 0x00007ff996ed8000 	C:\WINDOWS\system32\NSI.dll
0x00007ff992280000 - 0x00007ff9922a3000 	C:\WINDOWS\SYSTEM32\WINMM.dll
0x00007ff98f930000 - 0x00007ff98f93a000 	C:\WINDOWS\SYSTEM32\VERSION.dll
0x00007ff992040000 - 0x00007ff99206c000 	C:\WINDOWS\SYSTEM32\WINMMBASE.dll
0x00007ff993fe0000 - 0x00007ff994024000 	C:\WINDOWS\system32\cfgmgr32.dll
0x00007ff992680000 - 0x00007ff9926a7000 	C:\WINDOWS\SYSTEM32\DEVOBJ.dll
0x000000006d130000 - 0x000000006d13f000 	C:\Program Files\Java\jdk1.8.0_40\jre\bin\verify.dll
0x000000006d100000 - 0x000000006d129000 	C:\Program Files\Java\jdk1.8.0_40\jre\bin\java.dll
0x000000006d0e0000 - 0x000000006d0f6000 	C:\Program Files\Java\jdk1.8.0_40\jre\bin\zip.dll
0x00007ff995510000 - 0x00007ff996a32000 	C:\WINDOWS\system32\SHELL32.dll
0x00007ff994030000 - 0x00007ff994658000 	C:\WINDOWS\system32\windows.storage.dll
0x00007ff9949b0000 - 0x00007ff994c2c000 	C:\WINDOWS\system32\combase.dll
0x00007ff996ae0000 - 0x00007ff996b31000 	C:\WINDOWS\system32\shlwapi.dll
0x00007ff993d50000 - 0x00007ff993d5f000 	C:\WINDOWS\system32\kernel.appcore.dll
0x00007ff994660000 - 0x00007ff994713000 	C:\WINDOWS\system32\shcore.dll
0x00007ff993d60000 - 0x00007ff993daa000 	C:\WINDOWS\system32\powrprof.dll
0x00007ff993d30000 - 0x00007ff993d43000 	C:\WINDOWS\system32\profapi.dll
0x00007ff98e0c0000 - 0x00007ff98e24a000 	C:\WINDOWS\SYSTEM32\dbghelp.dll

VM Arguments:
jvm_args: -Xmx1024M -Dfile.encoding=windows-1252 -Duser.country=FR -Duser.language=fr -Duser.variant 
java_command: com.android.dx.command.Main --dex --num-threads=4 --output C:\Users\Gregoire\AndroidStudioProjects\TutoYoyo\app\build\intermediates\pre-dexed\debug\classes-844fa019e9362c28e5073f46ab568de3c335ac45.jar C:\Users\Gregoire\AndroidStudioProjects\TutoYoyo\app\build\intermediates\exploded-aar\com.android.support\design\23.0.1\jars\classes.jar
java_class_path (initial): C:\Users\Gregoire\AppData\Local\Android\sdk3\build-tools\23.0.0\lib\dx.jar
Launcher Type: SUN_STANDARD

Environment Variables:
JAVA_HOME=C:\Program Files (x86)\Java\jdk1.7.0_40
PATH=C:\ProgramData\Oracle\Java\javapath;C:\Python34\;C:\Python34\Scripts;C:\WINDOWS\system32;C:\WINDOWS;C:\WINDOWS\System32\Wbem;C:\WINDOWS\System32\WindowsPowerShell\v1.0\;C:\Program Files (x86)\Windows Kits\8.1\Windows Performance Toolkit\;C:\Program Files\Microsoft SQL Server\110\Tools\Binn\;C:\Program Files (x86)\Microsoft SDKs\TypeScript\1.0\;C:\Program Files\Microsoft SQL Server\120\Tools\Binn\;C:\Program Files\Microsoft\Web Platform Installer\;C:\Program Files (x86)\Microsoft SDKs\Azure\CLI\wbin;C:\Program Files\Google\Google Apps Sync\;C:\Program Files\Google\Google Apps Migration\;C:\Program Files (x86)\MySQL\MySQL Fabric 1.5.3 & MySQL Utilities 1.5.3 1.5\;C:\Program Files (x86)\MySQL\MySQL Fabric 1.5.3 & MySQL Utilities 1.5.3 1.5\Doctrine extensions for PHP\;C:\Program Files (x86)\nodejs\;C:\Program Files (x86)\ATI Technologies\ATI.ACE\Core-Static;C:\Program Files (x86)\MySQL\MySQL Fabric 1.5.3 & MySQL Utilities 1.5.3 1.5\;C:\Program Files (x86)\MySQL\MySQL Fabric 1.5.3 & MySQL Utilities 1.5.3 1.5\Doctrine extensions for PHP\;C:\Program Files (x86)\Skype\Phone\;C:\Program Files (x86)\Java\jdk1.7.0_40\bin;C:\Users\Gregoire\AppData\Roaming\npm;C:\Users\Gregoire\AppData\Local\Android\sdk\tools;C:\Users\Gregoire\AppData\Local\Android\sdk\platform-tools;C:\apache-ant-1.9.4\bin;C:\Users\Gregoire\AppData\Local\Code\bin
USERNAME=Gregoire
OS=Windows_NT
PROCESSOR_IDENTIFIER=Intel64 Family 6 Model 58 Stepping 9, GenuineIntel



---------------  S Y S T E M  ---------------

OS: Windows 10.0 , 64 bit Build 10240 (10.0.10240.16384)

CPU:total 8 (4 cores per cpu, 2 threads per core) family 6 model 58 stepping 9, cmov, cx8, fxsr, mmx, sse, sse2, sse3, ssse3, sse4.1, sse4.2, popcnt, avx, aes, clmul, erms, ht, tsc, tscinvbit, tscinv

Memory: 4k page, physical 16666904k(3329180k free), swap 17715480k(23420k free)

vm_info: Java HotSpot(TM) 64-Bit Server VM (25.40-b25) for windows-amd64 JRE (1.8.0_40-b25), built on Feb 10 2015 21:53:57 by "java_re" with MS VC++ 10.0 (VS2010)

time: Wed Oct 07 14:34:17 2015
elapsed time: 3 seconds (0d 0h 0m 3s)

